{"level":"info","time":"2026-05-14T20:13:58.869Z","pid":4156873,"hostname":"ubuntu-Utah-2gb","name":"hiverelay-cli","peer":"17ba6ae38d69","msg":"peer connected"}
{"level":"info","time":"2026-05-14T20:13:59.675Z","pid":4156873,"hostname":"ubuntu-Utah-2gb","name":"hiverelay-cli","peer":"6b11208ad547","msg":"peer connected"}
{"level":"warn","time":"2026-05-14T20:34:26.563Z","pid":4156873,"hostname":"ubuntu-Utah-2gb","name":"hiverelay-cli","health":{"check":"stale-connections","staleCount":5,"totalConns":6,"stalePct":83},"msg":"health warning: stale-connections — threshold exceeded"}
{"level":"info","time":"2026-05-14T20:34:28.157Z","pid":4156873,"hostname":"ubuntu-Utah-2gb","name":"hiverelay-cli","peer":"bc421fedea8a","msg":"peer connected"}
{"level":"info","time":"2026-05-14T20:34:28.286Z","pid":4156873,"hostname":"ubuntu-Utah-2gb","name":"hiverelay-cli","peer":"1e7d8b1ffe69","msg":"peer connected"}
{"level":"info","time":"2026-05-14T20:34:28.881Z","pid":4156873,"hostname":"ubuntu-Utah-2gb","name":"hiverelay-cli","peer":"6b11208ad547","msg":"peer connected"}
{"level":"info","time":"2026-05-14T20:34:28.960Z","pid":4156873,"hostname":"ubuntu-Utah-2gb","name":"hiverelay-cli","peer":"17ba6ae38d69","msg":"peer connected"}
{"level":"warn","time":"2026-05-14T20:54:56.576Z","pid":4156873,"hostname":"ubuntu-Utah-2gb","name":"hiverelay-cli","health":{"check":"stale-connections","staleCount":5,"totalConns":6,"stalePct":83},"msg":"health warning: stale-connections — threshold exceeded"}
{"level":"info","time":"2026-05-14T20:54:57.627Z","pid":4156873,"hostname":"ubuntu-Utah-2gb","name":"hiverelay-cli","peer":"6b11208ad547","msg":"peer connected"}
{"level":"info","time":"2026-05-14T20:54:58.159Z","pid":4156873,"hostname":"ubuntu-Utah-2gb","name":"hiverelay-cli","peer":"bc421fedea8a","msg":"peer connected"}
{"level":"info","time":"2026-05-14T20:54:58.349Z","pid":4156873,"hostname":"ubuntu-Utah-2gb","name":"hiverelay-cli","peer":"1e7d8b1ffe69","msg":"peer connected"}
{"level":"info","time":"2026-05-14T20:54:59.020Z","pid":4156873,"hostname":"ubuntu-Utah-2gb","name":"hiverelay-cli","peer":"17ba6ae38d69","msg":"peer connected"}
{"level":"warn","time":"2026-05-14T21:15:26.596Z","pid":4156873,"hostname":"ubuntu-Utah-2gb","name":"hiverelay-cli","health":{"check":"stale-connections","staleCount":5,"totalConns":6,"stalePct":83},"msg":"health warning: stale-connections — threshold exceeded"}
{"level":"info","time":"2026-05-14T21:15:28.176Z","pid":4156873,"hostname":"ubuntu-Utah-2gb","name":"hiverelay-cli","peer":"bc421fedea8a","msg":"peer connected"}
{"level":"info","time":"2026-05-14T21:15:28.388Z","pid":4156873,"hostname":"ubuntu-Utah-2gb","name":"hiverelay-cli","peer":"1e7d8b1ffe69","msg":"peer connected"}
{"level":"info","time":"2026-05-14T21:15:28.546Z","pid":4156873,"hostname":"ubuntu-Utah-2gb","name":"hiverelay-cli","peer":"0da2f0626d24","msg":"peer connected"}
{"level":"info","time":"2026-05-14T21:15:29.690Z","pid":4156873,"hostname":"ubuntu-Utah-2gb","name":"hiverelay-cli","peer":"6b11208ad547","msg":"peer connected"}
{"level":"warn","time":"2026-05-14T21:35:56.609Z","pid":4156873,"hostname":"ubuntu-Utah-2gb","name":"hiverelay-cli","health":{"check":"stale-connections","staleCount":5,"totalConns":6,"stalePct":83},"msg":"health warning: stale-connections — threshold exceeded"}
{"level":"info","time":"2026-05-14T21:35:58.213Z","pid":4156873,"hostname":"ubuntu-Utah-2gb","name":"hiverelay-cli","peer":"bc421fedea8a","msg":"peer connected"}
{"level":"info","time":"2026-05-14T21:35:58.432Z","pid":4156873,"hostname":"ubuntu-Utah-2gb","name":"hiverelay-cli","peer":"0da2f0626d24","msg":"peer connected"}
{"level":"info","time":"2026-05-14T21:35:58.481Z","pid":4156873,"hostname":"ubuntu-Utah-2gb","name":"hiverelay-cli","peer":"1e7d8b1ffe69","msg":"peer connected"}
{"level":"info","time":"2026-05-14T21:35:59.440Z","pid":4156873,"hostname":"ubuntu-Utah-2gb","name":"hiverelay-cli","peer":"6b11208ad547","msg":"peer connected"}
{"level":"warn","time":"2026-05-14T21:56:26.622Z","pid":4156873,"hostname":"ubuntu-Utah-2gb","name":"hiverelay-cli","health":{"check":"stale-connections","staleCount":5,"totalConns":6,"stalePct":83},"msg":"health warning: stale-connections — threshold exceeded"}
{"level":"info","time":"2026-05-14T21:56:28.220Z","pid":4156873,"hostname":"ubuntu-Utah-2gb","name":"hiverelay-cli","peer":"bc421fedea8a","msg":"peer connected"}
{"level":"info","time":"2026-05-14T21:56:28.341Z","pid":4156873,"hostname":"ubuntu-Utah-2gb","name":"hiverelay-cli","peer":"0da2f0626d24","msg":"peer connected"}
{"level":"info","time":"2026-05-14T21:56:28.525Z","pid":4156873,"hostname":"ubuntu-Utah-2gb","name":"hiverelay-cli","peer":"1e7d8b1ffe69","msg":"peer connected"}
{"level":"info","time":"2026-05-14T21:56:30.021Z","pid":4156873,"hostname":"ubuntu-Utah-2gb","name":"hiverelay-cli","peer":"6b11208ad547","msg":"peer connected"}
{"level":"warn","time":"2026-05-14T22:16:56.634Z","pid":4156873,"hostname":"ubuntu-Utah-2gb","name":"hiverelay-cli","health":{"check":"stale-connections","staleCount":5,"totalConns":6,"stalePct":83},"msg":"health warning: stale-connections — threshold exceeded"}
{"level":"info","time":"2026-05-14T22:16:58.175Z","pid":4156873,"hostname":"ubuntu-Utah-2gb","name":"hiverelay-cli","peer":"bc421fedea8a","msg":"peer connected"}
{"level":"info","time":"2026-05-14T22:16:58.268Z","pid":4156873,"hostname":"ubuntu-Utah-2gb","name":"hiverelay-cli","peer":"0da2f0626d24","msg":"peer connected"}
{"level":"info","time":"2026-05-14T22:16:58.569Z","pid":4156873,"hostname":"ubuntu-Utah-2gb","name":"hiverelay-cli","peer":"1e7d8b1ffe69","msg":"peer connected"}
{"level":"info","time":"2026-05-14T22:16:59.501Z","pid":4156873,"hostname":"ubuntu-Utah-2gb","name":"hiverelay-cli","peer":"6b11208ad547","msg":"peer connected"}
{"level":"warn","time":"2026-05-14T22:37:26.649Z","pid":4156873,"hostname":"ubuntu-Utah-2gb","name":"hiverelay-cli","health":{"check":"stale-connections","staleCount":5,"totalConns":6,"stalePct":83},"msg":"health warning: stale-connections — threshold exceeded"}
{"level":"info","time":"2026-05-14T22:37:28.131Z","pid":4156873,"hostname":"ubuntu-Utah-2gb","name":"hiverelay-cli","peer":"0da2f0626d24","msg":"peer connected"}
{"level":"info","time":"2026-05-14T22:37:28.191Z","pid":4156873,"hostname":"ubuntu-Utah-2gb","name":"hiverelay-cli","peer":"bc421fedea8a","msg":"peer connected"}
{"level":"info","time":"2026-05-14T22:37:28.643Z","pid":4156873,"hostname":"ubuntu-Utah-2gb","name":"hiverelay-cli","peer":"1e7d8b1ffe69","msg":"peer connected"}
{"level":"info","time":"2026-05-14T22:37:29.982Z","pid":4156873,"hostname":"ubuntu-Utah-2gb","name":"hiverelay-cli","peer":"6b11208ad547","msg":"peer connected"}
{"level":"warn","time":"2026-05-14T22:57:56.656Z","pid":4156873,"hostname":"ubuntu-Utah-2gb","name":"hiverelay-cli","health":{"check":"stale-connections","staleCount":5,"totalConns":6,"stalePct":83},"msg":"health warning: stale-connections — threshold exceeded"}
{"level":"info","time":"2026-05-14T22:57:57.852Z","pid":4156873,"hostname":"ubuntu-Utah-2gb","name":"hiverelay-cli","peer":"1e7d8b1ffe69","msg":"peer connected"}
{"level":"info","time":"2026-05-14T22:57:58.135Z","pid":4156873,"hostname":"ubuntu-Utah-2gb","name":"hiverelay-cli","peer":"0da2f0626d24","msg":"peer connected"}
{"level":"info","time":"2026-05-14T22:57:58.207Z","pid":4156873,"hostname":"ubuntu-Utah-2gb","name":"hiverelay-cli","peer":"bc421fedea8a","msg":"peer connected"}
{"level":"info","time":"2026-05-14T22:57:58.899Z","pid":4156873,"hostname":"ubuntu-Utah-2gb","name":"hiverelay-cli","peer":"17ba6ae38d69","msg":"peer connected"}
{"level":"warn","time":"2026-05-14T23:18:26.675Z","pid":4156873,"hostname":"ubuntu-Utah-2gb","name":"hiverelay-cli","health":{"check":"stale-connections","staleCount":5,"totalConns":6,"stalePct":83},"msg":"health warning: stale-connections — threshold exceeded"}
{"level":"info","time":"2026-05-14T23:18:27.928Z","pid":4156873,"hostname":"ubuntu-Utah-2gb","name":"hiverelay-cli","peer":"1e7d8b1ffe69","msg":"peer connected"}
{"level":"info","time":"2026-05-14T23:18:28.212Z","pid":4156873,"hostname":"ubuntu-Utah-2gb","name":"hiverelay-cli","peer":"bc421fedea8a","msg":"peer connected"}
{"level":"info","time":"2026-05-14T23:18:28.371Z","pid":4156873,"hostname":"ubuntu-Utah-2gb","name":"hiverelay-cli","peer":"17ba6ae38d69","msg":"peer connected"}
{"level":"info","time":"2026-05-14T23:18:28.899Z","pid":4156873,"hostname":"ubuntu-Utah-2gb","name":"hiverelay-cli","peer":"0da2f0626d24","msg":"peer connected"}
{"level":"warn","time":"2026-05-14T23:38:56.689Z","pid":4156873,"hostname":"ubuntu-Utah-2gb","name":"hiverelay-cli","health":{"check":"stale-connections","staleCount":5,"totalConns":6,"stalePct":83},"msg":"health warning: stale-connections — threshold exceeded"}
{"level":"info","time":"2026-05-14T23:38:58.022Z","pid":4156873,"hostname":"ubuntu-Utah-2gb","name":"hiverelay-cli","peer":"1e7d8b1ffe69","msg":"peer connected"}
{"level":"info","time":"2026-05-14T23:38:58.220Z","pid":4156873,"hostname":"ubuntu-Utah-2gb","name":"hiverelay-cli","peer":"bc421fedea8a","msg":"peer connected"}
{"level":"info","time":"2026-05-14T23:38:58.468Z","pid":4156873,"hostname":"ubuntu-Utah-2gb","name":"hiverelay-cli","peer":"17ba6ae38d69","msg":"peer connected"}
{"level":"info","time":"2026-05-14T23:38:58.745Z","pid":4156873,"hostname":"ubuntu-Utah-2gb","name":"hiverelay-cli","peer":"0da2f0626d24","msg":"peer connected"}
{"level":"info","time":"2026-05-14T23:38:59.206Z","pid":4156873,"hostname":"ubuntu-Utah-2gb","name":"hiverelay-cli","peer":"6b11208ad547","msg":"peer connected"}
{"level":"info","time":"2026-05-14T23:54:36.935Z","pid":4156873,"hostname":"ubuntu-Utah-2gb","name":"hiverelay-cli","peer":"1e7d8b1ffe69","msg":"peer connected"}
{"level":"warn","time":"2026-05-15T00:09:56.714Z","pid":4156873,"hostname":"ubuntu-Utah-2gb","name":"hiverelay-cli","health":{"check":"stale-connections","staleCount":6,"totalConns":7,"stalePct":86},"msg":"health warning: stale-connections — threshold exceeded"}
{"level":"info","time":"2026-05-15T00:09:58.069Z","pid":4156873,"hostname":"ubuntu-Utah-2gb","name":"hiverelay-cli","peer":"0da2f0626d24","msg":"peer connected"}
{"level":"info","time":"2026-05-15T00:09:58.098Z","pid":4156873,"hostname":"ubuntu-Utah-2gb","name":"hiverelay-cli","peer":"1edade6e224d","msg":"peer connected"}
{"level":"info","time":"2026-05-15T00:09:58.615Z","pid":4156873,"hostname":"ubuntu-Utah-2gb","name":"hiverelay-cli","peer":"1e7d8b1ffe69","msg":"peer connected"}
{"level":"info","time":"2026-05-15T00:09:58.678Z","pid":4156873,"hostname":"ubuntu-Utah-2gb","name":"hiverelay-cli","peer":"bc421fedea8a","msg":"peer connected"}
{"level":"info","time":"2026-05-15T00:09:59.038Z","pid":4156873,"hostname":"ubuntu-Utah-2gb","name":"hiverelay-cli","peer":"17ba6ae38d69","msg":"peer connected"}
{"level":"info","time":"2026-05-15T00:15:06.976Z","pid":4156873,"hostname":"ubuntu-Utah-2gb","name":"hiverelay-cli","peer":"1e7d8b1ffe69","msg":"peer connected"}
{"level":"warn","time":"2026-05-15T00:30:26.733Z","pid":4156873,"hostname":"ubuntu-Utah-2gb","name":"hiverelay-cli","health":{"check":"stale-connections","staleCount":6,"totalConns":7,"stalePct":86},"msg":"health warning: stale-connections — threshold exceeded"}
{"level":"info","time":"2026-05-15T00:30:28.391Z","pid":4156873,"hostname":"ubuntu-Utah-2gb","name":"hiverelay-cli","peer":"1edade6e224d","msg":"peer connected"}
{"level":"info","time":"2026-05-15T00:30:28.652Z","pid":4156873,"hostname":"ubuntu-Utah-2gb","name":"hiverelay-cli","peer":"1e7d8b1ffe69","msg":"peer connected"}
{"level":"info","time":"2026-05-15T00:30:28.760Z","pid":4156873,"hostname":"ubuntu-Utah-2gb","name":"hiverelay-cli","peer":"bc421fedea8a","msg":"peer connected"}
{"level":"info","time":"2026-05-15T00:30:28.945Z","pid":4156873,"hostname":"ubuntu-Utah-2gb","name":"hiverelay-cli","peer":"0da2f0626d24","msg":"peer connected"}
{"level":"info","time":"2026-05-15T00:30:29.098Z","pid":4156873,"hostname":"ubuntu-Utah-2gb","name":"hiverelay-cli","peer":"17ba6ae38d69","msg":"peer connected"}
{"level":"info","time":"2026-05-15T00:35:37.019Z","pid":4156873,"hostname":"ubuntu-Utah-2gb","name":"hiverelay-cli","peer":"1e7d8b1ffe69","msg":"peer connected"}
{"level":"info","time":"2026-05-15T01:02:07.141Z","pid":4156873,"hostname":"ubuntu-Utah-2gb","name":"hiverelay-cli","peer":"1e7d8b1ffe69","msg":"peer connected"}
{"level":"warn","time":"2026-05-15T01:17:26.779Z","pid":4156873,"hostname":"ubuntu-Utah-2gb","name":"hiverelay-cli","health":{"check":"stale-connections","staleCount":6,"totalConns":7,"stalePct":86},"msg":"health warning: stale-connections — threshold exceeded"}
{"level":"info","time":"2026-05-15T01:17:27.982Z","pid":4156873,"hostname":"ubuntu-Utah-2gb","name":"hiverelay-cli","peer":"1e7d8b1ffe69","msg":"peer connected"}
{"level":"info","time":"2026-05-15T01:17:28.279Z","pid":4156873,"hostname":"ubuntu-Utah-2gb","name":"hiverelay-cli","peer":"0da2f0626d24","msg":"peer connected"}
{"level":"info","time":"2026-05-15T01:17:28.362Z","pid":4156873,"hostname":"ubuntu-Utah-2gb","name":"hiverelay-cli","peer":"bc421fedea8a","msg":"peer connected"}
{"level":"info","time":"2026-05-15T01:17:28.408Z","pid":4156873,"hostname":"ubuntu-Utah-2gb","name":"hiverelay-cli","peer":"17ba6ae38d69","msg":"peer connected"}
{"level":"info","time":"2026-05-15T01:17:28.435Z","pid":4156873,"hostname":"ubuntu-Utah-2gb","name":"hiverelay-cli","peer":"1edade6e224d","msg":"peer connected"}
{"level":"info","time":"2026-05-15T01:19:19.311Z","pid":4156873,"hostname":"ubuntu-Utah-2gb","name":"hiverelay-cli","appKey":"3e7f919247de","discoveryKey":"e76663ef1456","msg":"seeding app"}
{"level":"info","time":"2026-05-15T01:25:07.092Z","pid":4156873,"hostname":"ubuntu-Utah-2gb","name":"hiverelay-cli","peer":"1e7d8b1ffe69","msg":"peer connected"}
{"level":"info","time":"2026-05-15T01:26:08.583Z","pid":4156873,"hostname":"ubuntu-Utah-2gb","name":"hiverelay-cli","appKey":"0c432065baca","discoveryKey":"6375f5c9a98e","msg":"seeding app"}
{"level":"info","time":"2026-05-15T01:26:09.740Z","pid":4156873,"hostname":"ubuntu-Utah-2gb","name":"hiverelay-cli","peer":"37939b742cc8","msg":"peer connected"}
{"level":"info","time":"2026-05-15T01:26:57.251Z","pid":4156873,"hostname":"ubuntu-Utah-2gb","name":"hiverelay-cli","appKey":"f393501a4652","discoveryKey":"09b1435cc57a","msg":"seeding app"}
{"level":"info","time":"2026-05-15T01:26:58.168Z","pid":4156873,"hostname":"ubuntu-Utah-2gb","name":"hiverelay-cli","peer":"cc2212847896","msg":"peer connected"}
{"level":"warn","time":"2026-05-15T01:58:26.814Z","pid":4156873,"hostname":"ubuntu-Utah-2gb","name":"hiverelay-cli","health":{"check":"stale-connections","staleCount":8,"totalConns":9,"stalePct":89},"msg":"health warning: stale-connections — threshold exceeded"}
{"level":"info","time":"2026-05-15T01:58:28.134Z","pid":4156873,"hostname":"ubuntu-Utah-2gb","name":"hiverelay-cli","peer":"1e7d8b1ffe69","msg":"peer connected"}
{"level":"info","time":"2026-05-15T01:58:28.406Z","pid":4156873,"hostname":"ubuntu-Utah-2gb","name":"hiverelay-cli","peer":"bc421fedea8a","msg":"peer connected"}
{"level":"info","time":"2026-05-15T01:58:28.479Z","pid":4156873,"hostname":"ubuntu-Utah-2gb","name":"hiverelay-cli","peer":"0da2f0626d24","msg":"peer connected"}
{"level":"info","time":"2026-05-15T01:58:28.501Z","pid":4156873,"hostname":"ubuntu-Utah-2gb","name":"hiverelay-cli","peer":"3a5082096400","msg":"peer connected"}
{"level":"info","time":"2026-05-15T01:58:28.507Z","pid":4156873,"hostname":"ubuntu-Utah-2gb","name":"hiverelay-cli","peer":"478462ed8597","msg":"peer connected"}
{"level":"info","time":"2026-05-15T01:58:28.913Z","pid":4156873,"hostname":"ubuntu-Utah-2gb","name":"hiverelay-cli","peer":"17ba6ae38d69","msg":"peer connected"}
{"level":"info","time":"2026-05-15T01:58:29.621Z","pid":4156873,"hostname":"ubuntu-Utah-2gb","name":"hiverelay-cli","peer":"9ca3aa7ff6de","msg":"peer connected"}
{"level":"info","time":"2026-05-15T02:08:36.527Z","pid":4156873,"hostname":"ubuntu-Utah-2gb","name":"hiverelay-cli","peer":"bc421fedea8a","msg":"peer connected"}
{"level":"info","time":"2026-05-15T02:08:37.124Z","pid":4156873,"hostname":"ubuntu-Utah-2gb","name":"hiverelay-cli","peer":"1e7d8b1ffe69","msg":"peer connected"}
{"level":"info","time":"2026-05-15T02:31:47.765Z","pid":4156873,"hostname":"ubuntu-Utah-2gb","name":"hiverelay-cli","appKey":"d7c8f5c9e2d0","source":"fresh-seed","msg":"reseeded app from persistent log"}
{"level":"info","time":"2026-05-15T02:53:20.119Z","pid":4156873,"hostname":"ubuntu-Utah-2gb","name":"hiverelay-cli","peer":"1edade6e224d","msg":"peer connected"}
{"level":"warn","time":"2026-05-15T02:58:26.857Z","pid":4156873,"hostname":"ubuntu-Utah-2gb","name":"hiverelay-cli","health":{"check":"stale-connections","staleCount":9,"totalConns":10,"stalePct":90},"msg":"health warning: stale-connections — threshold exceeded"}
{"level":"info","time":"2026-05-15T02:58:27.474Z","pid":4156873,"hostname":"ubuntu-Utah-2gb","name":"hiverelay-cli","peer":"478462ed8597","msg":"peer connected"}
{"level":"info","time":"2026-05-15T02:58:28.799Z","pid":4156873,"hostname":"ubuntu-Utah-2gb","name":"hiverelay-cli","peer":"3a5082096400","msg":"peer connected"}
{"level":"info","time":"2026-05-15T02:58:28.959Z","pid":4156873,"hostname":"ubuntu-Utah-2gb","name":"hiverelay-cli","peer":"bc421fedea8a","msg":"peer connected"}
{"level":"info","time":"2026-05-15T02:58:28.978Z","pid":4156873,"hostname":"ubuntu-Utah-2gb","name":"hiverelay-cli","peer":"0da2f0626d24","msg":"peer connected"}
{"level":"info","time":"2026-05-15T02:58:29.087Z","pid":4156873,"hostname":"ubuntu-Utah-2gb","name":"hiverelay-cli","peer":"17ba6ae38d69","msg":"peer connected"}
{"level":"info","time":"2026-05-15T02:58:29.280Z","pid":4156873,"hostname":"ubuntu-Utah-2gb","name":"hiverelay-cli","peer":"1e7d8b1ffe69","msg":"peer connected"}
{"level":"info","time":"2026-05-15T02:58:29.516Z","pid":4156873,"hostname":"ubuntu-Utah-2gb","name":"hiverelay-cli","peer":"9ca3aa7ff6de","msg":"peer connected"}
{"level":"info","time":"2026-05-15T02:58:29.947Z","pid":4156873,"hostname":"ubuntu-Utah-2gb","name":"hiverelay-cli","peer":"6b11208ad547","msg":"peer connected"}
{"level":"info","time":"2026-05-15T03:02:37.714Z","pid":4156873,"hostname":"ubuntu-Utah-2gb","name":"hiverelay-cli","appKey":"c7e935d87750","discoveryKey":"ae586ef2ec44","msg":"seeding app"}
{"level":"info","time":"2026-05-15T03:02:38.701Z","pid":4156873,"hostname":"ubuntu-Utah-2gb","name":"hiverelay-cli","peer":"127c5f2bf929","msg":"peer connected"}
{"level":"info","time":"2026-05-15T03:02:39.343Z","pid":4156873,"hostname":"ubuntu-Utah-2gb","name":"hiverelay-cli","appKey":"c7e935d87750","source":"fresh-seed","msg":"reseeded app from persistent log"}
{"level":"info","time":"2026-05-15T03:13:13.905Z","pid":4156873,"hostname":"ubuntu-Utah-2gb","name":"hiverelay-cli","peer":"299a0be26e5e","msg":"peer connected"}
{"level":"info","time":"2026-05-15T03:17:13.691Z","pid":4156873,"hostname":"ubuntu-Utah-2gb","name":"hiverelay-cli","peer":"299a0be26e5e","msg":"peer connected"}
{"level":"info","time":"2026-05-15T03:21:34.517Z","pid":4156873,"hostname":"ubuntu-Utah-2gb","name":"hiverelay-cli","appKey":"18862c852970","source":"fresh-seed","msg":"reseeded app from persistent log"}
{"level":"info","time":"2026-05-15T03:35:13.789Z","pid":4156873,"hostname":"ubuntu-Utah-2gb","name":"hiverelay-cli","peer":"96ff434fab4d","msg":"peer connected"}
{"level":"info","time":"2026-05-15T03:35:19.896Z","pid":4156873,"hostname":"ubuntu-Utah-2gb","name":"hiverelay-cli","peer":"5bc9cf02f2b7","msg":"peer connected"}
{"level":"info","time":"2026-05-15T03:35:24.720Z","pid":4156873,"hostname":"ubuntu-Utah-2gb","name":"hiverelay-cli","peer":"3ea90424f21a","msg":"peer connected"}
{"level":"info","time":"2026-05-15T03:35:34.980Z","pid":4156873,"hostname":"ubuntu-Utah-2gb","name":"hiverelay-cli","peer":"b6b179a0315c","msg":"peer connected"}
{"level":"warn","time":"2026-05-15T03:42:56.898Z","pid":4156873,"hostname":"ubuntu-Utah-2gb","name":"hiverelay-cli","health":{"check":"stale-connections","staleCount":10,"totalConns":11,"stalePct":91},"msg":"health warning: stale-connections — threshold exceeded"}
{"level":"warn","time":"2026-05-15T03:42:56.983Z","pid":4156873,"hostname":"ubuntu-Utah-2gb","name":"hiverelay-cli","err":{"type":"Object","message":"REQUEST_CANCELLED: Request was cancelled","stack":"","code":"REQUEST_CANCELLED"},"msg":"recoverable rejection — continuing"}
{"level":"warn","time":"2026-05-15T03:42:56.983Z","pid":4156873,"hostname":"ubuntu-Utah-2gb","name":"hiverelay-cli","err":{"type":"Object","message":"REQUEST_CANCELLED: Request was cancelled","stack":"","code":"REQUEST_CANCELLED"},"msg":"recoverable rejection — continuing"}
{"level":"warn","time":"2026-05-15T03:42:56.984Z","pid":4156873,"hostname":"ubuntu-Utah-2gb","name":"hiverelay-cli","err":{"type":"Object","message":"REQUEST_CANCELLED: Request was cancelled","stack":"","code":"REQUEST_CANCELLED"},"msg":"recoverable rejection — continuing"}
{"level":"warn","time":"2026-05-15T03:42:56.985Z","pid":4156873,"hostname":"ubuntu-Utah-2gb","name":"hiverelay-cli","err":{"type":"Object","message":"REQUEST_CANCELLED: Request was cancelled","stack":"","code":"REQUEST_CANCELLED"},"msg":"recoverable rejection — continuing"}
{"level":"info","time":"2026-05-15T03:42:58.320Z","pid":4156873,"hostname":"ubuntu-Utah-2gb","name":"hiverelay-cli","peer":"6b11208ad547","msg":"peer connected"}
{"level":"info","time":"2026-05-15T03:42:58.757Z","pid":4156873,"hostname":"ubuntu-Utah-2gb","name":"hiverelay-cli","peer":"478462ed8597","msg":"peer connected"}
{"level":"info","time":"2026-05-15T03:42:58.792Z","pid":4156873,"hostname":"ubuntu-Utah-2gb","name":"hiverelay-cli","peer":"1e7d8b1ffe69","msg":"peer connected"}
{"level":"info","time":"2026-05-15T03:42:58.873Z","pid":4156873,"hostname":"ubuntu-Utah-2gb","name":"hiverelay-cli","peer":"8db453138960","msg":"peer connected"}
{"level":"info","time":"2026-05-15T03:42:58.930Z","pid":4156873,"hostname":"ubuntu-Utah-2gb","name":"hiverelay-cli","peer":"1edade6e224d","msg":"peer connected"}
{"level":"info","time":"2026-05-15T03:42:58.941Z","pid":4156873,"hostname":"ubuntu-Utah-2gb","name":"hiverelay-cli","peer":"3a5082096400","msg":"peer connected"}
{"level":"info","time":"2026-05-15T03:42:59.047Z","pid":4156873,"hostname":"ubuntu-Utah-2gb","name":"hiverelay-cli","peer":"bc421fedea8a","msg":"peer connected"}
{"level":"info","time":"2026-05-15T03:42:59.200Z","pid":4156873,"hostname":"ubuntu-Utah-2gb","name":"hiverelay-cli","peer":"17ba6ae38d69","msg":"peer connected"}
{"level":"info","time":"2026-05-15T03:42:59.401Z","pid":4156873,"hostname":"ubuntu-Utah-2gb","name":"hiverelay-cli","peer":"0da2f0626d24","msg":"peer connected"}
{"level":"info","time":"2026-05-15T03:42:59.724Z","pid":4156873,"hostname":"ubuntu-Utah-2gb","name":"hiverelay-cli","peer":"9ca3aa7ff6de","msg":"peer connected"}
{"level":"warn","time":"2026-05-15T03:57:26.913Z","pid":4156873,"hostname":"ubuntu-Utah-2gb","name":"hiverelay-cli","health":{"check":"stale-connections","staleCount":10,"totalConns":11,"stalePct":91},"msg":"health warning: stale-connections — threshold exceeded"}
{"level":"info","time":"2026-05-15T03:57:28.240Z","pid":4156873,"hostname":"ubuntu-Utah-2gb","name":"hiverelay-cli","peer":"1edade6e224d","msg":"peer connected"}
{"level":"info","time":"2026-05-15T03:57:28.699Z","pid":4156873,"hostname":"ubuntu-Utah-2gb","name":"hiverelay-cli","peer":"3a5082096400","msg":"peer connected"}
{"level":"info","time":"2026-05-15T03:57:28.753Z","pid":4156873,"hostname":"ubuntu-Utah-2gb","name":"hiverelay-cli","peer":"1e7d8b1ffe69","msg":"peer connected"}
{"level":"info","time":"2026-05-15T03:57:29.045Z","pid":4156873,"hostname":"ubuntu-Utah-2gb","name":"hiverelay-cli","peer":"0da2f0626d24","msg":"peer connected"}
{"level":"info","time":"2026-05-15T03:57:29.055Z","pid":4156873,"hostname":"ubuntu-Utah-2gb","name":"hiverelay-cli","peer":"b53fc779e39c","msg":"peer connected"}
{"level":"info","time":"2026-05-15T03:57:29.155Z","pid":4156873,"hostname":"ubuntu-Utah-2gb","name":"hiverelay-cli","peer":"17ba6ae38d69","msg":"peer connected"}
{"level":"info","time":"2026-05-15T03:57:29.239Z","pid":4156873,"hostname":"ubuntu-Utah-2gb","name":"hiverelay-cli","peer":"478462ed8597","msg":"peer connected"}
{"level":"info","time":"2026-05-15T03:57:29.328Z","pid":4156873,"hostname":"ubuntu-Utah-2gb","name":"hiverelay-cli","peer":"bc421fedea8a","msg":"peer connected"}
{"level":"info","time":"2026-05-15T03:57:29.556Z","pid":4156873,"hostname":"ubuntu-Utah-2gb","name":"hiverelay-cli","peer":"9ca3aa7ff6de","msg":"peer connected"}
{"level":"info","time":"2026-05-15T03:57:30.112Z","pid":4156873,"hostname":"ubuntu-Utah-2gb","name":"hiverelay-cli","peer":"6b11208ad547","msg":"peer connected"}
{"level":"warn","time":"2026-05-15T04:10:56.920Z","pid":4156873,"hostname":"ubuntu-Utah-2gb","name":"hiverelay-cli","health":{"check":"stale-connections","staleCount":9,"totalConns":11,"stalePct":82},"msg":"health warning: stale-connections — threshold exceeded"}
{"level":"info","time":"2026-05-15T04:10:58.341Z","pid":4156873,"hostname":"ubuntu-Utah-2gb","name":"hiverelay-cli","peer":"1edade6e224d","msg":"peer connected"}
{"level":"info","time":"2026-05-15T04:10:58.378Z","pid":4156873,"hostname":"ubuntu-Utah-2gb","name":"hiverelay-cli","peer":"1e7d8b1ffe69","msg":"peer connected"}
{"level":"info","time":"2026-05-15T04:10:58.402Z","pid":4156873,"hostname":"ubuntu-Utah-2gb","name":"hiverelay-cli","peer":"3a5082096400","msg":"peer connected"}
{"level":"info","time":"2026-05-15T04:10:58.640Z","pid":4156873,"hostname":"ubuntu-Utah-2gb","name":"hiverelay-cli","peer":"bc421fedea8a","msg":"peer connected"}
{"level":"info","time":"2026-05-15T04:10:58.722Z","pid":4156873,"hostname":"ubuntu-Utah-2gb","name":"hiverelay-cli","peer":"0da2f0626d24","msg":"peer connected"}
{"level":"info","time":"2026-05-15T04:10:58.912Z","pid":4156873,"hostname":"ubuntu-Utah-2gb","name":"hiverelay-cli","peer":"478462ed8597","msg":"peer connected"}
{"level":"info","time":"2026-05-15T04:10:59.616Z","pid":4156873,"hostname":"ubuntu-Utah-2gb","name":"hiverelay-cli","peer":"9ca3aa7ff6de","msg":"peer connected"}
{"level":"info","time":"2026-05-15T04:10:59.638Z","pid":4156873,"hostname":"ubuntu-Utah-2gb","name":"hiverelay-cli","peer":"17ba6ae38d69","msg":"peer connected"}
{"level":"info","time":"2026-05-15T04:11:00.013Z","pid":4156873,"hostname":"ubuntu-Utah-2gb","name":"hiverelay-cli","peer":"6b11208ad547","msg":"peer connected"}
{"level":"info","time":"2026-05-15T04:21:14.825Z","pid":4156873,"hostname":"ubuntu-Utah-2gb","name":"hiverelay-cli","peer":"299a0be26e5e","msg":"peer connected"}
{"level":"warn","time":"2026-05-15T04:26:26.935Z","pid":4156873,"hostname":"ubuntu-Utah-2gb","name":"hiverelay-cli","health":{"check":"stale-connections","staleCount":8,"totalConns":9,"stalePct":89},"msg":"health warning: stale-connections — threshold exceeded"}
{"level":"info","time":"2026-05-15T04:26:28.157Z","pid":4156873,"hostname":"ubuntu-Utah-2gb","name":"hiverelay-cli","peer":"3a5082096400","msg":"peer connected"}
{"level":"info","time":"2026-05-15T04:26:28.582Z","pid":4156873,"hostname":"ubuntu-Utah-2gb","name":"hiverelay-cli","peer":"1e7d8b1ffe69","msg":"peer connected"}
{"level":"info","time":"2026-05-15T04:26:28.839Z","pid":4156873,"hostname":"ubuntu-Utah-2gb","name":"hiverelay-cli","peer":"bc421fedea8a","msg":"peer connected"}
{"level":"info","time":"2026-05-15T04:26:28.888Z","pid":4156873,"hostname":"ubuntu-Utah-2gb","name":"hiverelay-cli","peer":"0da2f0626d24","msg":"peer connected"}
{"level":"info","time":"2026-05-15T04:26:29.108Z","pid":4156873,"hostname":"ubuntu-Utah-2gb","name":"hiverelay-cli","peer":"17ba6ae38d69","msg":"peer connected"}
{"level":"info","time":"2026-05-15T04:26:29.180Z","pid":4156873,"hostname":"ubuntu-Utah-2gb","name":"hiverelay-cli","peer":"478462ed8597","msg":"peer connected"}
{"level":"info","time":"2026-05-15T04:26:29.198Z","pid":4156873,"hostname":"ubuntu-Utah-2gb","name":"hiverelay-cli","peer":"9ca3aa7ff6de","msg":"peer connected"}
{"level":"info","time":"2026-05-15T04:26:30.411Z","pid":4156873,"hostname":"ubuntu-Utah-2gb","name":"hiverelay-cli","peer":"6b11208ad547","msg":"peer connected"}
{"level":"info","time":"2026-05-15T05:14:05.730Z","pid":4156873,"hostname":"ubuntu-Utah-2gb","name":"hiverelay-cli","peer":"478462ed8597","msg":"peer connected"}
{"level":"warn","time":"2026-05-15T05:24:56.974Z","pid":4156873,"hostname":"ubuntu-Utah-2gb","name":"hiverelay-cli","health":{"check":"stale-connections","staleCount":8,"totalConns":9,"stalePct":89},"msg":"health warning: stale-connections — threshold exceeded"}
{"level":"info","time":"2026-05-15T05:24:58.431Z","pid":4156873,"hostname":"ubuntu-Utah-2gb","name":"hiverelay-cli","peer":"3a5082096400","msg":"peer connected"}
{"level":"info","time":"2026-05-15T05:24:58.522Z","pid":4156873,"hostname":"ubuntu-Utah-2gb","name":"hiverelay-cli","peer":"478462ed8597","msg":"peer connected"}
{"level":"info","time":"2026-05-15T05:24:58.749Z","pid":4156873,"hostname":"ubuntu-Utah-2gb","name":"hiverelay-cli","peer":"bc421fedea8a","msg":"peer connected"}
{"level":"info","time":"2026-05-15T05:24:58.791Z","pid":4156873,"hostname":"ubuntu-Utah-2gb","name":"hiverelay-cli","peer":"0da2f0626d24","msg":"peer connected"}
{"level":"info","time":"2026-05-15T05:24:58.892Z","pid":4156873,"hostname":"ubuntu-Utah-2gb","name":"hiverelay-cli","peer":"17ba6ae38d69","msg":"peer connected"}
{"level":"info","time":"2026-05-15T05:24:59.060Z","pid":4156873,"hostname":"ubuntu-Utah-2gb","name":"hiverelay-cli","peer":"1e7d8b1ffe69","msg":"peer connected"}
{"level":"info","time":"2026-05-15T05:24:59.397Z","pid":4156873,"hostname":"ubuntu-Utah-2gb","name":"hiverelay-cli","peer":"9ca3aa7ff6de","msg":"peer connected"}
{"level":"info","time":"2026-05-15T05:25:00.371Z","pid":4156873,"hostname":"ubuntu-Utah-2gb","name":"hiverelay-cli","peer":"6b11208ad547","msg":"peer connected"}
{"level":"info","time":"2026-05-15T05:27:42.999Z","pid":4156873,"hostname":"ubuntu-Utah-2gb","name":"hiverelay-cli","peer":"6f491d6af6e8","msg":"peer connected"}
{"level":"info","time":"2026-05-15T05:27:44.877Z","pid":4156873,"hostname":"ubuntu-Utah-2gb","name":"hiverelay-cli","peer":"4fbda2e68519","msg":"peer connected"}
{"level":"info","time":"2026-05-15T05:27:49.033Z","pid":4156873,"hostname":"ubuntu-Utah-2gb","name":"hiverelay-cli","peer":"5bcd3c138365","msg":"peer connected"}
{"level":"info","time":"2026-05-15T05:38:06.876Z","pid":4156873,"hostname":"ubuntu-Utah-2gb","name":"hiverelay-cli","peer":"bc421fedea8a","msg":"peer connected"}
{"level":"warn","time":"2026-05-15T05:58:26.994Z","pid":4156873,"hostname":"ubuntu-Utah-2gb","name":"hiverelay-cli","health":{"check":"stale-connections","staleCount":8,"totalConns":9,"stalePct":89},"msg":"health warning: stale-connections — threshold exceeded"}
{"level":"info","time":"2026-05-15T05:58:28.353Z","pid":4156873,"hostname":"ubuntu-Utah-2gb","name":"hiverelay-cli","peer":"3a5082096400","msg":"peer connected"}
{"level":"info","time":"2026-05-15T05:58:28.536Z","pid":4156873,"hostname":"ubuntu-Utah-2gb","name":"hiverelay-cli","peer":"bc421fedea8a","msg":"peer connected"}
{"level":"info","time":"2026-05-15T05:58:28.860Z","pid":4156873,"hostname":"ubuntu-Utah-2gb","name":"hiverelay-cli","peer":"1e7d8b1ffe69","msg":"peer connected"}
{"level":"info","time":"2026-05-15T05:58:28.981Z","pid":4156873,"hostname":"ubuntu-Utah-2gb","name":"hiverelay-cli","peer":"478462ed8597","msg":"peer connected"}
{"level":"info","time":"2026-05-15T05:58:29.073Z","pid":4156873,"hostname":"ubuntu-Utah-2gb","name":"hiverelay-cli","peer":"6b11208ad547","msg":"peer connected"}
{"level":"info","time":"2026-05-15T05:58:29.215Z","pid":4156873,"hostname":"ubuntu-Utah-2gb","name":"hiverelay-cli","peer":"0da2f0626d24","msg":"peer connected"}
{"level":"info","time":"2026-05-15T05:58:29.266Z","pid":4156873,"hostname":"ubuntu-Utah-2gb","name":"hiverelay-cli","peer":"17ba6ae38d69","msg":"peer connected"}
{"level":"info","time":"2026-05-15T05:58:30.098Z","pid":4156873,"hostname":"ubuntu-Utah-2gb","name":"hiverelay-cli","peer":"9ca3aa7ff6de","msg":"peer connected"}
{"level":"warn","time":"2026-05-15T06:24:57.016Z","pid":4156873,"hostname":"ubuntu-Utah-2gb","name":"hiverelay-cli","health":{"check":"stale-connections","staleCount":8,"totalConns":9,"stalePct":89},"msg":"health warning: stale-connections — threshold exceeded"}
{"level":"info","time":"2026-05-15T06:24:58.139Z","pid":4156873,"hostname":"ubuntu-Utah-2gb","name":"hiverelay-cli","peer":"bc421fedea8a","msg":"peer connected"}
{"level":"info","time":"2026-05-15T06:24:58.232Z","pid":4156873,"hostname":"ubuntu-Utah-2gb","name":"hiverelay-cli","peer":"3a5082096400","msg":"peer connected"}
{"level":"info","time":"2026-05-15T06:24:58.883Z","pid":4156873,"hostname":"ubuntu-Utah-2gb","name":"hiverelay-cli","peer":"1e7d8b1ffe69","msg":"peer connected"}
{"level":"info","time":"2026-05-15T06:24:58.984Z","pid":4156873,"hostname":"ubuntu-Utah-2gb","name":"hiverelay-cli","peer":"478462ed8597","msg":"peer connected"}
{"level":"info","time":"2026-05-15T06:24:59.184Z","pid":4156873,"hostname":"ubuntu-Utah-2gb","name":"hiverelay-cli","peer":"0da2f0626d24","msg":"peer connected"}
{"level":"info","time":"2026-05-15T06:24:59.267Z","pid":4156873,"hostname":"ubuntu-Utah-2gb","name":"hiverelay-cli","peer":"9ca3aa7ff6de","msg":"peer connected"}
{"level":"info","time":"2026-05-15T06:24:59.284Z","pid":4156873,"hostname":"ubuntu-Utah-2gb","name":"hiverelay-cli","peer":"17ba6ae38d69","msg":"peer connected"}
{"level":"info","time":"2026-05-15T06:24:59.928Z","pid":4156873,"hostname":"ubuntu-Utah-2gb","name":"hiverelay-cli","peer":"6b11208ad547","msg":"peer connected"}
{"level":"warn","time":"2026-05-15T06:58:57.035Z","pid":4156873,"hostname":"ubuntu-Utah-2gb","name":"hiverelay-cli","health":{"check":"stale-connections","staleCount":8,"totalConns":9,"stalePct":89},"msg":"health warning: stale-connections — threshold exceeded"}
{"level":"info","time":"2026-05-15T06:58:58.501Z","pid":4156873,"hostname":"ubuntu-Utah-2gb","name":"hiverelay-cli","peer":"1e7d8b1ffe69","msg":"peer connected"}
{"level":"info","time":"2026-05-15T06:58:58.506Z","pid":4156873,"hostname":"ubuntu-Utah-2gb","name":"hiverelay-cli","peer":"bc421fedea8a","msg":"peer connected"}
{"level":"info","time":"2026-05-15T06:58:58.604Z","pid":4156873,"hostname":"ubuntu-Utah-2gb","name":"hiverelay-cli","peer":"3a5082096400","msg":"peer connected"}
{"level":"info","time":"2026-05-15T06:58:58.817Z","pid":4156873,"hostname":"ubuntu-Utah-2gb","name":"hiverelay-cli","peer":"0da2f0626d24","msg":"peer connected"}
{"level":"info","time":"2026-05-15T06:58:58.878Z","pid":4156873,"hostname":"ubuntu-Utah-2gb","name":"hiverelay-cli","peer":"478462ed8597","msg":"peer connected"}
{"level":"info","time":"2026-05-15T06:58:58.911Z","pid":4156873,"hostname":"ubuntu-Utah-2gb","name":"hiverelay-cli","peer":"17ba6ae38d69","msg":"peer connected"}
{"level":"info","time":"2026-05-15T06:58:59.830Z","pid":4156873,"hostname":"ubuntu-Utah-2gb","name":"hiverelay-cli","peer":"9ca3aa7ff6de","msg":"peer connected"}
{"level":"info","time":"2026-05-15T06:58:59.906Z","pid":4156873,"hostname":"ubuntu-Utah-2gb","name":"hiverelay-cli","peer":"6b11208ad547","msg":"peer connected"}
{"level":"info","time":"2026-05-15T07:09:07.467Z","pid":4156873,"hostname":"ubuntu-Utah-2gb","name":"hiverelay-cli","peer":"1e7d8b1ffe69","msg":"peer connected"}
