{"level":"info","time":"2026-05-14T20:54:57.824Z","pid":459739,"hostname":"ubuntu-Singapore-1Highvcpu-1gb","name":"hiverelay-cli","peer":"37cf4bfbdf33","msg":"peer connected"}
{"level":"info","time":"2026-05-14T20:54:58.291Z","pid":459739,"hostname":"ubuntu-Singapore-1Highvcpu-1gb","name":"hiverelay-cli","peer":"1e7d8b1ffe69","msg":"peer connected"}
{"level":"info","time":"2026-05-14T20:54:58.646Z","pid":459739,"hostname":"ubuntu-Singapore-1Highvcpu-1gb","name":"hiverelay-cli","peer":"0da2f0626d24","msg":"peer connected"}
{"level":"warn","time":"2026-05-14T21:15:26.695Z","pid":459739,"hostname":"ubuntu-Singapore-1Highvcpu-1gb","name":"hiverelay-cli","health":{"check":"stale-connections","staleCount":5,"totalConns":6,"stalePct":83},"msg":"health warning: stale-connections — threshold exceeded"}
{"level":"info","time":"2026-05-14T21:15:29.856Z","pid":459739,"hostname":"ubuntu-Singapore-1Highvcpu-1gb","name":"hiverelay-cli","peer":"0da2f0626d24","msg":"peer connected"}
{"level":"info","time":"2026-05-14T21:15:29.889Z","pid":459739,"hostname":"ubuntu-Singapore-1Highvcpu-1gb","name":"hiverelay-cli","peer":"37cf4bfbdf33","msg":"peer connected"}
{"level":"info","time":"2026-05-14T21:15:30.389Z","pid":459739,"hostname":"ubuntu-Singapore-1Highvcpu-1gb","name":"hiverelay-cli","peer":"17ba6ae38d69","msg":"peer connected"}
{"level":"info","time":"2026-05-14T21:15:30.660Z","pid":459739,"hostname":"ubuntu-Singapore-1Highvcpu-1gb","name":"hiverelay-cli","peer":"1e7d8b1ffe69","msg":"peer connected"}
{"level":"warn","time":"2026-05-14T21:35:56.703Z","pid":459739,"hostname":"ubuntu-Singapore-1Highvcpu-1gb","name":"hiverelay-cli","health":{"check":"stale-connections","staleCount":5,"totalConns":6,"stalePct":83},"msg":"health warning: stale-connections — threshold exceeded"}
{"level":"info","time":"2026-05-14T21:35:59.600Z","pid":459739,"hostname":"ubuntu-Singapore-1Highvcpu-1gb","name":"hiverelay-cli","peer":"0da2f0626d24","msg":"peer connected"}
{"level":"info","time":"2026-05-14T21:35:59.625Z","pid":459739,"hostname":"ubuntu-Singapore-1Highvcpu-1gb","name":"hiverelay-cli","peer":"37cf4bfbdf33","msg":"peer connected"}
{"level":"info","time":"2026-05-14T21:36:00.088Z","pid":459739,"hostname":"ubuntu-Singapore-1Highvcpu-1gb","name":"hiverelay-cli","peer":"1e7d8b1ffe69","msg":"peer connected"}
{"level":"info","time":"2026-05-14T21:36:00.445Z","pid":459739,"hostname":"ubuntu-Singapore-1Highvcpu-1gb","name":"hiverelay-cli","peer":"bc421fedea8a","msg":"peer connected"}
{"level":"warn","time":"2026-05-14T21:56:26.716Z","pid":459739,"hostname":"ubuntu-Singapore-1Highvcpu-1gb","name":"hiverelay-cli","health":{"check":"stale-connections","staleCount":5,"totalConns":6,"stalePct":83},"msg":"health warning: stale-connections — threshold exceeded"}
{"level":"info","time":"2026-05-14T21:56:29.216Z","pid":459739,"hostname":"ubuntu-Singapore-1Highvcpu-1gb","name":"hiverelay-cli","peer":"bc421fedea8a","msg":"peer connected"}
{"level":"info","time":"2026-05-14T21:56:29.349Z","pid":459739,"hostname":"ubuntu-Singapore-1Highvcpu-1gb","name":"hiverelay-cli","peer":"0da2f0626d24","msg":"peer connected"}
{"level":"info","time":"2026-05-14T21:56:29.809Z","pid":459739,"hostname":"ubuntu-Singapore-1Highvcpu-1gb","name":"hiverelay-cli","peer":"1e7d8b1ffe69","msg":"peer connected"}
{"level":"info","time":"2026-05-14T21:56:30.185Z","pid":459739,"hostname":"ubuntu-Singapore-1Highvcpu-1gb","name":"hiverelay-cli","peer":"37cf4bfbdf33","msg":"peer connected"}
{"level":"warn","time":"2026-05-14T22:16:56.727Z","pid":459739,"hostname":"ubuntu-Singapore-1Highvcpu-1gb","name":"hiverelay-cli","health":{"check":"stale-connections","staleCount":5,"totalConns":6,"stalePct":83},"msg":"health warning: stale-connections — threshold exceeded"}
{"level":"info","time":"2026-05-14T22:16:59.084Z","pid":459739,"hostname":"ubuntu-Singapore-1Highvcpu-1gb","name":"hiverelay-cli","peer":"1e7d8b1ffe69","msg":"peer connected"}
{"level":"info","time":"2026-05-14T22:16:59.140Z","pid":459739,"hostname":"ubuntu-Singapore-1Highvcpu-1gb","name":"hiverelay-cli","peer":"0da2f0626d24","msg":"peer connected"}
{"level":"info","time":"2026-05-14T22:16:59.699Z","pid":459739,"hostname":"ubuntu-Singapore-1Highvcpu-1gb","name":"hiverelay-cli","peer":"37cf4bfbdf33","msg":"peer connected"}
{"level":"info","time":"2026-05-14T22:16:59.917Z","pid":459739,"hostname":"ubuntu-Singapore-1Highvcpu-1gb","name":"hiverelay-cli","peer":"bc421fedea8a","msg":"peer connected"}
{"level":"warn","time":"2026-05-14T22:37:26.742Z","pid":459739,"hostname":"ubuntu-Singapore-1Highvcpu-1gb","name":"hiverelay-cli","health":{"check":"stale-connections","staleCount":5,"totalConns":6,"stalePct":83},"msg":"health warning: stale-connections — threshold exceeded"}
{"level":"info","time":"2026-05-14T22:37:30.013Z","pid":459739,"hostname":"ubuntu-Singapore-1Highvcpu-1gb","name":"hiverelay-cli","peer":"bc421fedea8a","msg":"peer connected"}
{"level":"info","time":"2026-05-14T22:37:30.173Z","pid":459739,"hostname":"ubuntu-Singapore-1Highvcpu-1gb","name":"hiverelay-cli","peer":"37cf4bfbdf33","msg":"peer connected"}
{"level":"info","time":"2026-05-14T22:37:30.612Z","pid":459739,"hostname":"ubuntu-Singapore-1Highvcpu-1gb","name":"hiverelay-cli","peer":"1e7d8b1ffe69","msg":"peer connected"}
{"level":"info","time":"2026-05-14T22:37:30.977Z","pid":459739,"hostname":"ubuntu-Singapore-1Highvcpu-1gb","name":"hiverelay-cli","peer":"0da2f0626d24","msg":"peer connected"}
{"level":"warn","time":"2026-05-14T22:57:56.755Z","pid":459739,"hostname":"ubuntu-Singapore-1Highvcpu-1gb","name":"hiverelay-cli","health":{"check":"stale-connections","staleCount":5,"totalConns":6,"stalePct":83},"msg":"health warning: stale-connections — threshold exceeded"}
{"level":"info","time":"2026-05-14T22:57:59.907Z","pid":459739,"hostname":"ubuntu-Singapore-1Highvcpu-1gb","name":"hiverelay-cli","peer":"0da2f0626d24","msg":"peer connected"}
{"level":"info","time":"2026-05-14T22:57:59.935Z","pid":459739,"hostname":"ubuntu-Singapore-1Highvcpu-1gb","name":"hiverelay-cli","peer":"37cf4bfbdf33","msg":"peer connected"}
{"level":"info","time":"2026-05-14T22:58:00.378Z","pid":459739,"hostname":"ubuntu-Singapore-1Highvcpu-1gb","name":"hiverelay-cli","peer":"17ba6ae38d69","msg":"peer connected"}
{"level":"info","time":"2026-05-14T22:58:00.753Z","pid":459739,"hostname":"ubuntu-Singapore-1Highvcpu-1gb","name":"hiverelay-cli","peer":"bc421fedea8a","msg":"peer connected"}
{"level":"warn","time":"2026-05-14T23:18:26.765Z","pid":459739,"hostname":"ubuntu-Singapore-1Highvcpu-1gb","name":"hiverelay-cli","health":{"check":"stale-connections","staleCount":5,"totalConns":6,"stalePct":83},"msg":"health warning: stale-connections — threshold exceeded"}
{"level":"info","time":"2026-05-14T23:18:29.567Z","pid":459739,"hostname":"ubuntu-Singapore-1Highvcpu-1gb","name":"hiverelay-cli","peer":"1e7d8b1ffe69","msg":"peer connected"}
{"level":"info","time":"2026-05-14T23:18:29.622Z","pid":459739,"hostname":"ubuntu-Singapore-1Highvcpu-1gb","name":"hiverelay-cli","peer":"0da2f0626d24","msg":"peer connected"}
{"level":"info","time":"2026-05-14T23:18:30.017Z","pid":459739,"hostname":"ubuntu-Singapore-1Highvcpu-1gb","name":"hiverelay-cli","peer":"17ba6ae38d69","msg":"peer connected"}
{"level":"info","time":"2026-05-14T23:18:30.542Z","pid":459739,"hostname":"ubuntu-Singapore-1Highvcpu-1gb","name":"hiverelay-cli","peer":"37cf4bfbdf33","msg":"peer connected"}
{"level":"warn","time":"2026-05-14T23:38:56.778Z","pid":459739,"hostname":"ubuntu-Singapore-1Highvcpu-1gb","name":"hiverelay-cli","health":{"check":"stale-connections","staleCount":5,"totalConns":6,"stalePct":83},"msg":"health warning: stale-connections — threshold exceeded"}
{"level":"info","time":"2026-05-14T23:38:59.368Z","pid":459739,"hostname":"ubuntu-Singapore-1Highvcpu-1gb","name":"hiverelay-cli","peer":"0da2f0626d24","msg":"peer connected"}
{"level":"info","time":"2026-05-14T23:38:59.383Z","pid":459739,"hostname":"ubuntu-Singapore-1Highvcpu-1gb","name":"hiverelay-cli","peer":"37cf4bfbdf33","msg":"peer connected"}
{"level":"info","time":"2026-05-14T23:38:59.896Z","pid":459739,"hostname":"ubuntu-Singapore-1Highvcpu-1gb","name":"hiverelay-cli","peer":"17ba6ae38d69","msg":"peer connected"}
{"level":"info","time":"2026-05-14T23:39:00.155Z","pid":459739,"hostname":"ubuntu-Singapore-1Highvcpu-1gb","name":"hiverelay-cli","peer":"bc421fedea8a","msg":"peer connected"}
{"level":"warn","time":"2026-05-14T23:49:26.778Z","pid":459739,"hostname":"ubuntu-Singapore-1Highvcpu-1gb","name":"hiverelay-cli","health":{"check":"stale-connections","staleCount":5,"totalConns":6,"stalePct":83},"msg":"health warning: stale-connections — threshold exceeded"}
{"level":"info","time":"2026-05-14T23:49:29.216Z","pid":459739,"hostname":"ubuntu-Singapore-1Highvcpu-1gb","name":"hiverelay-cli","peer":"1e7d8b1ffe69","msg":"peer connected"}
{"level":"info","time":"2026-05-14T23:49:29.273Z","pid":459739,"hostname":"ubuntu-Singapore-1Highvcpu-1gb","name":"hiverelay-cli","peer":"0da2f0626d24","msg":"peer connected"}
{"level":"info","time":"2026-05-14T23:49:29.811Z","pid":459739,"hostname":"ubuntu-Singapore-1Highvcpu-1gb","name":"hiverelay-cli","peer":"37cf4bfbdf33","msg":"peer connected"}
{"level":"info","time":"2026-05-14T23:49:30.048Z","pid":459739,"hostname":"ubuntu-Singapore-1Highvcpu-1gb","name":"hiverelay-cli","peer":"bc421fedea8a","msg":"peer connected"}
{"level":"warn","time":"2026-05-15T00:09:56.789Z","pid":459739,"hostname":"ubuntu-Singapore-1Highvcpu-1gb","name":"hiverelay-cli","health":{"check":"stale-connections","staleCount":5,"totalConns":6,"stalePct":83},"msg":"health warning: stale-connections — threshold exceeded"}
{"level":"info","time":"2026-05-15T00:09:58.929Z","pid":459739,"hostname":"ubuntu-Singapore-1Highvcpu-1gb","name":"hiverelay-cli","peer":"bc421fedea8a","msg":"peer connected"}
{"level":"info","time":"2026-05-15T00:09:59.005Z","pid":459739,"hostname":"ubuntu-Singapore-1Highvcpu-1gb","name":"hiverelay-cli","peer":"1e7d8b1ffe69","msg":"peer connected"}
{"level":"info","time":"2026-05-15T00:09:59.585Z","pid":459739,"hostname":"ubuntu-Singapore-1Highvcpu-1gb","name":"hiverelay-cli","peer":"0da2f0626d24","msg":"peer connected"}
{"level":"info","time":"2026-05-15T00:09:59.930Z","pid":459739,"hostname":"ubuntu-Singapore-1Highvcpu-1gb","name":"hiverelay-cli","peer":"37cf4bfbdf33","msg":"peer connected"}
{"level":"warn","time":"2026-05-15T00:30:26.805Z","pid":459739,"hostname":"ubuntu-Singapore-1Highvcpu-1gb","name":"hiverelay-cli","health":{"check":"stale-connections","staleCount":5,"totalConns":6,"stalePct":83},"msg":"health warning: stale-connections — threshold exceeded"}
{"level":"info","time":"2026-05-15T00:30:30.046Z","pid":459739,"hostname":"ubuntu-Singapore-1Highvcpu-1gb","name":"hiverelay-cli","peer":"1e7d8b1ffe69","msg":"peer connected"}
{"level":"info","time":"2026-05-15T00:30:30.127Z","pid":459739,"hostname":"ubuntu-Singapore-1Highvcpu-1gb","name":"hiverelay-cli","peer":"37cf4bfbdf33","msg":"peer connected"}
{"level":"info","time":"2026-05-15T00:30:30.507Z","pid":459739,"hostname":"ubuntu-Singapore-1Highvcpu-1gb","name":"hiverelay-cli","peer":"bc421fedea8a","msg":"peer connected"}
{"level":"info","time":"2026-05-15T00:30:31.023Z","pid":459739,"hostname":"ubuntu-Singapore-1Highvcpu-1gb","name":"hiverelay-cli","peer":"0da2f0626d24","msg":"peer connected"}
{"level":"info","time":"2026-05-15T00:35:38.127Z","pid":459739,"hostname":"ubuntu-Singapore-1Highvcpu-1gb","name":"hiverelay-cli","peer":"1e7d8b1ffe69","msg":"peer connected"}
{"level":"warn","time":"2026-05-15T00:45:56.818Z","pid":459739,"hostname":"ubuntu-Singapore-1Highvcpu-1gb","name":"hiverelay-cli","health":{"check":"stale-connections","staleCount":5,"totalConns":6,"stalePct":83},"msg":"health warning: stale-connections — threshold exceeded"}
{"level":"info","time":"2026-05-15T00:45:59.174Z","pid":459739,"hostname":"ubuntu-Singapore-1Highvcpu-1gb","name":"hiverelay-cli","peer":"bc421fedea8a","msg":"peer connected"}
{"level":"info","time":"2026-05-15T00:45:59.338Z","pid":459739,"hostname":"ubuntu-Singapore-1Highvcpu-1gb","name":"hiverelay-cli","peer":"37cf4bfbdf33","msg":"peer connected"}
{"level":"info","time":"2026-05-15T00:45:59.841Z","pid":459739,"hostname":"ubuntu-Singapore-1Highvcpu-1gb","name":"hiverelay-cli","peer":"0da2f0626d24","msg":"peer connected"}
{"level":"info","time":"2026-05-15T00:46:00.100Z","pid":459739,"hostname":"ubuntu-Singapore-1Highvcpu-1gb","name":"hiverelay-cli","peer":"1e7d8b1ffe69","msg":"peer connected"}
{"level":"warn","time":"2026-05-15T00:51:26.820Z","pid":459739,"hostname":"ubuntu-Singapore-1Highvcpu-1gb","name":"hiverelay-cli","health":{"check":"stale-connections","staleCount":5,"totalConns":6,"stalePct":83},"msg":"health warning: stale-connections — threshold exceeded"}
{"level":"info","time":"2026-05-15T00:51:29.770Z","pid":459739,"hostname":"ubuntu-Singapore-1Highvcpu-1gb","name":"hiverelay-cli","peer":"bc421fedea8a","msg":"peer connected"}
{"level":"info","time":"2026-05-15T00:51:29.896Z","pid":459739,"hostname":"ubuntu-Singapore-1Highvcpu-1gb","name":"hiverelay-cli","peer":"0da2f0626d24","msg":"peer connected"}
{"level":"info","time":"2026-05-15T00:51:30.385Z","pid":459739,"hostname":"ubuntu-Singapore-1Highvcpu-1gb","name":"hiverelay-cli","peer":"1e7d8b1ffe69","msg":"peer connected"}
{"level":"info","time":"2026-05-15T00:51:30.785Z","pid":459739,"hostname":"ubuntu-Singapore-1Highvcpu-1gb","name":"hiverelay-cli","peer":"37cf4bfbdf33","msg":"peer connected"}
{"level":"warn","time":"2026-05-15T00:56:56.822Z","pid":459739,"hostname":"ubuntu-Singapore-1Highvcpu-1gb","name":"hiverelay-cli","health":{"check":"stale-connections","staleCount":5,"totalConns":6,"stalePct":83},"msg":"health warning: stale-connections — threshold exceeded"}
{"level":"info","time":"2026-05-15T00:56:59.219Z","pid":459739,"hostname":"ubuntu-Singapore-1Highvcpu-1gb","name":"hiverelay-cli","peer":"1e7d8b1ffe69","msg":"peer connected"}
{"level":"info","time":"2026-05-15T00:56:59.294Z","pid":459739,"hostname":"ubuntu-Singapore-1Highvcpu-1gb","name":"hiverelay-cli","peer":"37cf4bfbdf33","msg":"peer connected"}
{"level":"info","time":"2026-05-15T00:56:59.799Z","pid":459739,"hostname":"ubuntu-Singapore-1Highvcpu-1gb","name":"hiverelay-cli","peer":"0da2f0626d24","msg":"peer connected"}
{"level":"info","time":"2026-05-15T00:57:00.071Z","pid":459739,"hostname":"ubuntu-Singapore-1Highvcpu-1gb","name":"hiverelay-cli","peer":"bc421fedea8a","msg":"peer connected"}
{"level":"warn","time":"2026-05-15T01:17:26.834Z","pid":459739,"hostname":"ubuntu-Singapore-1Highvcpu-1gb","name":"hiverelay-cli","health":{"check":"stale-connections","staleCount":5,"totalConns":6,"stalePct":83},"msg":"health warning: stale-connections — threshold exceeded"}
{"level":"info","time":"2026-05-15T01:17:30.287Z","pid":459739,"hostname":"ubuntu-Singapore-1Highvcpu-1gb","name":"hiverelay-cli","peer":"0da2f0626d24","msg":"peer connected"}
{"level":"info","time":"2026-05-15T01:17:30.299Z","pid":459739,"hostname":"ubuntu-Singapore-1Highvcpu-1gb","name":"hiverelay-cli","peer":"37cf4bfbdf33","msg":"peer connected"}
{"level":"info","time":"2026-05-15T01:17:30.817Z","pid":459739,"hostname":"ubuntu-Singapore-1Highvcpu-1gb","name":"hiverelay-cli","peer":"17ba6ae38d69","msg":"peer connected"}
{"level":"info","time":"2026-05-15T01:17:31.066Z","pid":459739,"hostname":"ubuntu-Singapore-1Highvcpu-1gb","name":"hiverelay-cli","peer":"bc421fedea8a","msg":"peer connected"}
{"level":"info","time":"2026-05-15T01:19:19.346Z","pid":459739,"hostname":"ubuntu-Singapore-1Highvcpu-1gb","name":"hiverelay-cli","appKey":"3e7f919247de","discoveryKey":"e76663ef1456","msg":"seeding app"}
{"level":"info","time":"2026-05-15T01:19:20.657Z","pid":459739,"hostname":"ubuntu-Singapore-1Highvcpu-1gb","name":"hiverelay-cli","peer":"957a106f54e7","msg":"peer connected"}
{"level":"info","time":"2026-05-15T01:19:51.918Z","pid":459739,"hostname":"ubuntu-Singapore-1Highvcpu-1gb","name":"hiverelay-cli","appKey":"372ae7bef3a0","discoveryKey":"164f36b30802","msg":"seeding app"}
{"level":"info","time":"2026-05-15T01:26:08.652Z","pid":459739,"hostname":"ubuntu-Singapore-1Highvcpu-1gb","name":"hiverelay-cli","appKey":"0c432065baca","discoveryKey":"6375f5c9a98e","msg":"seeding app"}
{"level":"info","time":"2026-05-15T01:26:10.042Z","pid":459739,"hostname":"ubuntu-Singapore-1Highvcpu-1gb","name":"hiverelay-cli","peer":"37939b742cc8","msg":"peer connected"}
{"level":"info","time":"2026-05-15T01:26:57.051Z","pid":459739,"hostname":"ubuntu-Singapore-1Highvcpu-1gb","name":"hiverelay-cli","appKey":"f393501a4652","discoveryKey":"09b1435cc57a","msg":"seeding app"}
{"level":"warn","time":"2026-05-15T01:32:56.842Z","pid":459739,"hostname":"ubuntu-Singapore-1Highvcpu-1gb","name":"hiverelay-cli","health":{"check":"stale-connections","staleCount":5,"totalConns":6,"stalePct":83},"msg":"health warning: stale-connections — threshold exceeded"}
{"level":"info","time":"2026-05-15T01:32:59.529Z","pid":459739,"hostname":"ubuntu-Singapore-1Highvcpu-1gb","name":"hiverelay-cli","peer":"37cf4bfbdf33","msg":"peer connected"}
{"level":"info","time":"2026-05-15T01:32:59.545Z","pid":459739,"hostname":"ubuntu-Singapore-1Highvcpu-1gb","name":"hiverelay-cli","peer":"0da2f0626d24","msg":"peer connected"}
{"level":"info","time":"2026-05-15T01:32:59.970Z","pid":459739,"hostname":"ubuntu-Singapore-1Highvcpu-1gb","name":"hiverelay-cli","peer":"17ba6ae38d69","msg":"peer connected"}
{"level":"info","time":"2026-05-15T01:33:00.374Z","pid":459739,"hostname":"ubuntu-Singapore-1Highvcpu-1gb","name":"hiverelay-cli","peer":"bc421fedea8a","msg":"peer connected"}
{"level":"warn","time":"2026-05-15T01:58:26.858Z","pid":459739,"hostname":"ubuntu-Singapore-1Highvcpu-1gb","name":"hiverelay-cli","health":{"check":"stale-connections","staleCount":8,"totalConns":9,"stalePct":89},"msg":"health warning: stale-connections — threshold exceeded"}
{"level":"info","time":"2026-05-15T01:58:28.886Z","pid":459739,"hostname":"ubuntu-Singapore-1Highvcpu-1gb","name":"hiverelay-cli","peer":"3a5082096400","msg":"peer connected"}
{"level":"info","time":"2026-05-15T01:58:29.355Z","pid":459739,"hostname":"ubuntu-Singapore-1Highvcpu-1gb","name":"hiverelay-cli","peer":"17ba6ae38d69","msg":"peer connected"}
{"level":"info","time":"2026-05-15T01:58:29.583Z","pid":459739,"hostname":"ubuntu-Singapore-1Highvcpu-1gb","name":"hiverelay-cli","peer":"9ca3aa7ff6de","msg":"peer connected"}
{"level":"info","time":"2026-05-15T01:58:29.666Z","pid":459739,"hostname":"ubuntu-Singapore-1Highvcpu-1gb","name":"hiverelay-cli","peer":"bc421fedea8a","msg":"peer connected"}
{"level":"info","time":"2026-05-15T01:58:29.735Z","pid":459739,"hostname":"ubuntu-Singapore-1Highvcpu-1gb","name":"hiverelay-cli","peer":"1e7d8b1ffe69","msg":"peer connected"}
{"level":"info","time":"2026-05-15T01:58:30.335Z","pid":459739,"hostname":"ubuntu-Singapore-1Highvcpu-1gb","name":"hiverelay-cli","peer":"0da2f0626d24","msg":"peer connected"}
{"level":"info","time":"2026-05-15T01:58:30.665Z","pid":459739,"hostname":"ubuntu-Singapore-1Highvcpu-1gb","name":"hiverelay-cli","peer":"37cf4bfbdf33","msg":"peer connected"}
{"level":"info","time":"2026-05-15T02:08:38.337Z","pid":459739,"hostname":"ubuntu-Singapore-1Highvcpu-1gb","name":"hiverelay-cli","peer":"1e7d8b1ffe69","msg":"peer connected"}
{"level":"info","time":"2026-05-15T02:26:06.750Z","pid":459739,"hostname":"ubuntu-Singapore-1Highvcpu-1gb","name":"hiverelay-cli","appKey":"af8fd7b6e1ce","discoveryKey":"e0602bc04cf6","msg":"seeding app"}
{"level":"info","time":"2026-05-15T02:31:47.900Z","pid":459739,"hostname":"ubuntu-Singapore-1Highvcpu-1gb","name":"hiverelay-cli","appKey":"d7c8f5c9e2d0","source":"fresh-seed","msg":"reseeded app from persistent log"}
{"level":"info","time":"2026-05-15T02:41:46.217Z","pid":459739,"hostname":"ubuntu-Singapore-1Highvcpu-1gb","name":"hiverelay-cli","appKey":"9421e5b9cb93","source":"fresh-seed","msg":"reseeded app from persistent log"}
{"level":"info","time":"2026-05-15T02:53:21.431Z","pid":459739,"hostname":"ubuntu-Singapore-1Highvcpu-1gb","name":"hiverelay-cli","peer":"1edade6e224d","msg":"peer connected"}
{"level":"warn","time":"2026-05-15T02:58:26.881Z","pid":459739,"hostname":"ubuntu-Singapore-1Highvcpu-1gb","name":"hiverelay-cli","health":{"check":"stale-connections","staleCount":9,"totalConns":10,"stalePct":90},"msg":"health warning: stale-connections — threshold exceeded"}
{"level":"info","time":"2026-05-15T02:58:27.502Z","pid":459739,"hostname":"ubuntu-Singapore-1Highvcpu-1gb","name":"hiverelay-cli","peer":"478462ed8597","msg":"peer connected"}
{"level":"info","time":"2026-05-15T02:58:29.395Z","pid":459739,"hostname":"ubuntu-Singapore-1Highvcpu-1gb","name":"hiverelay-cli","peer":"9ca3aa7ff6de","msg":"peer connected"}
{"level":"info","time":"2026-05-15T02:58:29.674Z","pid":459739,"hostname":"ubuntu-Singapore-1Highvcpu-1gb","name":"hiverelay-cli","peer":"17ba6ae38d69","msg":"peer connected"}
{"level":"info","time":"2026-05-15T02:58:29.987Z","pid":459739,"hostname":"ubuntu-Singapore-1Highvcpu-1gb","name":"hiverelay-cli","peer":"bc421fedea8a","msg":"peer connected"}
{"level":"info","time":"2026-05-15T02:58:30.118Z","pid":459739,"hostname":"ubuntu-Singapore-1Highvcpu-1gb","name":"hiverelay-cli","peer":"37cf4bfbdf33","msg":"peer connected"}
{"level":"info","time":"2026-05-15T02:58:30.586Z","pid":459739,"hostname":"ubuntu-Singapore-1Highvcpu-1gb","name":"hiverelay-cli","peer":"1e7d8b1ffe69","msg":"peer connected"}
{"level":"info","time":"2026-05-15T02:58:30.955Z","pid":459739,"hostname":"ubuntu-Singapore-1Highvcpu-1gb","name":"hiverelay-cli","peer":"0da2f0626d24","msg":"peer connected"}
{"level":"info","time":"2026-05-15T03:02:37.372Z","pid":459739,"hostname":"ubuntu-Singapore-1Highvcpu-1gb","name":"hiverelay-cli","appKey":"c7e935d87750","discoveryKey":"ae586ef2ec44","msg":"seeding app"}
{"level":"info","time":"2026-05-15T03:02:39.174Z","pid":459739,"hostname":"ubuntu-Singapore-1Highvcpu-1gb","name":"hiverelay-cli","appKey":"c7e935d87750","source":"fresh-seed","msg":"reseeded app from persistent log"}
{"level":"info","time":"2026-05-15T03:13:13.827Z","pid":459739,"hostname":"ubuntu-Singapore-1Highvcpu-1gb","name":"hiverelay-cli","peer":"b8d9d0e43fff","msg":"peer connected"}
{"level":"info","time":"2026-05-15T03:17:14.300Z","pid":459739,"hostname":"ubuntu-Singapore-1Highvcpu-1gb","name":"hiverelay-cli","peer":"b8d9d0e43fff","msg":"peer connected"}
{"level":"info","time":"2026-05-15T03:29:55.593Z","pid":459739,"hostname":"ubuntu-Singapore-1Highvcpu-1gb","name":"hiverelay-cli","appKey":"e97b10d004de","source":"fresh-seed","msg":"reseeded app from persistent log"}
{"level":"info","time":"2026-05-15T03:35:16.786Z","pid":459739,"hostname":"ubuntu-Singapore-1Highvcpu-1gb","name":"hiverelay-cli","peer":"5e7f616a6110","msg":"peer connected"}
{"level":"info","time":"2026-05-15T03:35:23.156Z","pid":459739,"hostname":"ubuntu-Singapore-1Highvcpu-1gb","name":"hiverelay-cli","peer":"58f9fcd7a5f7","msg":"peer connected"}
{"level":"info","time":"2026-05-15T03:35:28.363Z","pid":459739,"hostname":"ubuntu-Singapore-1Highvcpu-1gb","name":"hiverelay-cli","peer":"970204a45c76","msg":"peer connected"}
{"level":"info","time":"2026-05-15T03:35:57.502Z","pid":459739,"hostname":"ubuntu-Singapore-1Highvcpu-1gb","name":"hiverelay-cli","peer":"c493f61e7027","msg":"peer connected"}
{"level":"warn","time":"2026-05-15T03:42:56.911Z","pid":459739,"hostname":"ubuntu-Singapore-1Highvcpu-1gb","name":"hiverelay-cli","health":{"check":"stale-connections","staleCount":10,"totalConns":11,"stalePct":91},"msg":"health warning: stale-connections — threshold exceeded"}
{"level":"warn","time":"2026-05-15T03:42:56.926Z","pid":459739,"hostname":"ubuntu-Singapore-1Highvcpu-1gb","name":"hiverelay-cli","err":{"type":"Object","message":"REQUEST_CANCELLED: Request was cancelled","stack":"","code":"REQUEST_CANCELLED"},"msg":"recoverable rejection — continuing"}
{"level":"warn","time":"2026-05-15T03:42:56.927Z","pid":459739,"hostname":"ubuntu-Singapore-1Highvcpu-1gb","name":"hiverelay-cli","err":{"type":"Object","message":"REQUEST_CANCELLED: Request was cancelled","stack":"","code":"REQUEST_CANCELLED"},"msg":"recoverable rejection — continuing"}
{"level":"info","time":"2026-05-15T03:42:58.046Z","pid":459739,"hostname":"ubuntu-Singapore-1Highvcpu-1gb","name":"hiverelay-cli","peer":"17ba6ae38d69","msg":"peer connected"}
{"level":"info","time":"2026-05-15T03:42:58.272Z","pid":459739,"hostname":"ubuntu-Singapore-1Highvcpu-1gb","name":"hiverelay-cli","peer":"3a5082096400","msg":"peer connected"}
{"level":"info","time":"2026-05-15T03:42:58.824Z","pid":459739,"hostname":"ubuntu-Singapore-1Highvcpu-1gb","name":"hiverelay-cli","peer":"8db453138960","msg":"peer connected"}
{"level":"info","time":"2026-05-15T03:42:58.860Z","pid":459739,"hostname":"ubuntu-Singapore-1Highvcpu-1gb","name":"hiverelay-cli","peer":"478462ed8597","msg":"peer connected"}
{"level":"info","time":"2026-05-15T03:42:58.885Z","pid":459739,"hostname":"ubuntu-Singapore-1Highvcpu-1gb","name":"hiverelay-cli","peer":"1edade6e224d","msg":"peer connected"}
{"level":"info","time":"2026-05-15T03:42:58.886Z","pid":459739,"hostname":"ubuntu-Singapore-1Highvcpu-1gb","name":"hiverelay-cli","peer":"bc421fedea8a","msg":"peer connected"}
{"level":"info","time":"2026-05-15T03:42:59.240Z","pid":459739,"hostname":"ubuntu-Singapore-1Highvcpu-1gb","name":"hiverelay-cli","peer":"0da2f0626d24","msg":"peer connected"}
{"level":"info","time":"2026-05-15T03:42:59.423Z","pid":459739,"hostname":"ubuntu-Singapore-1Highvcpu-1gb","name":"hiverelay-cli","peer":"1e7d8b1ffe69","msg":"peer connected"}
{"level":"info","time":"2026-05-15T03:42:59.687Z","pid":459739,"hostname":"ubuntu-Singapore-1Highvcpu-1gb","name":"hiverelay-cli","peer":"9ca3aa7ff6de","msg":"peer connected"}
{"level":"warn","time":"2026-05-15T03:57:26.916Z","pid":459739,"hostname":"ubuntu-Singapore-1Highvcpu-1gb","name":"hiverelay-cli","health":{"check":"stale-connections","staleCount":10,"totalConns":11,"stalePct":91},"msg":"health warning: stale-connections — threshold exceeded"}
{"level":"info","time":"2026-05-15T03:57:28.191Z","pid":459739,"hostname":"ubuntu-Singapore-1Highvcpu-1gb","name":"hiverelay-cli","peer":"1edade6e224d","msg":"peer connected"}
{"level":"info","time":"2026-05-15T03:57:29.341Z","pid":459739,"hostname":"ubuntu-Singapore-1Highvcpu-1gb","name":"hiverelay-cli","peer":"478462ed8597","msg":"peer connected"}
{"level":"info","time":"2026-05-15T03:57:29.518Z","pid":459739,"hostname":"ubuntu-Singapore-1Highvcpu-1gb","name":"hiverelay-cli","peer":"9ca3aa7ff6de","msg":"peer connected"}
{"level":"info","time":"2026-05-15T03:57:29.836Z","pid":459739,"hostname":"ubuntu-Singapore-1Highvcpu-1gb","name":"hiverelay-cli","peer":"17ba6ae38d69","msg":"peer connected"}
{"level":"info","time":"2026-05-15T03:57:30.066Z","pid":459739,"hostname":"ubuntu-Singapore-1Highvcpu-1gb","name":"hiverelay-cli","peer":"3a5082096400","msg":"peer connected"}
{"level":"info","time":"2026-05-15T03:57:30.304Z","pid":459739,"hostname":"ubuntu-Singapore-1Highvcpu-1gb","name":"hiverelay-cli","peer":"37cf4bfbdf33","msg":"peer connected"}
{"level":"info","time":"2026-05-15T03:57:30.809Z","pid":459739,"hostname":"ubuntu-Singapore-1Highvcpu-1gb","name":"hiverelay-cli","peer":"0da2f0626d24","msg":"peer connected"}
{"level":"info","time":"2026-05-15T03:57:31.003Z","pid":459739,"hostname":"ubuntu-Singapore-1Highvcpu-1gb","name":"hiverelay-cli","peer":"1e7d8b1ffe69","msg":"peer connected"}
{"level":"info","time":"2026-05-15T03:57:31.146Z","pid":459739,"hostname":"ubuntu-Singapore-1Highvcpu-1gb","name":"hiverelay-cli","peer":"bc421fedea8a","msg":"peer connected"}
{"level":"warn","time":"2026-05-15T04:10:56.926Z","pid":459739,"hostname":"ubuntu-Singapore-1Highvcpu-1gb","name":"hiverelay-cli","health":{"check":"stale-connections","staleCount":9,"totalConns":11,"stalePct":82},"msg":"health warning: stale-connections — threshold exceeded"}
{"level":"info","time":"2026-05-15T04:10:58.297Z","pid":459739,"hostname":"ubuntu-Singapore-1Highvcpu-1gb","name":"hiverelay-cli","peer":"1edade6e224d","msg":"peer connected"}
{"level":"info","time":"2026-05-15T04:10:59.110Z","pid":459739,"hostname":"ubuntu-Singapore-1Highvcpu-1gb","name":"hiverelay-cli","peer":"bc421fedea8a","msg":"peer connected"}
{"level":"info","time":"2026-05-15T04:10:59.212Z","pid":459739,"hostname":"ubuntu-Singapore-1Highvcpu-1gb","name":"hiverelay-cli","peer":"1e7d8b1ffe69","msg":"peer connected"}
{"level":"info","time":"2026-05-15T04:10:59.250Z","pid":459739,"hostname":"ubuntu-Singapore-1Highvcpu-1gb","name":"hiverelay-cli","peer":"0da2f0626d24","msg":"peer connected"}
{"level":"info","time":"2026-05-15T04:10:59.379Z","pid":459739,"hostname":"ubuntu-Singapore-1Highvcpu-1gb","name":"hiverelay-cli","peer":"17ba6ae38d69","msg":"peer connected"}
{"level":"info","time":"2026-05-15T04:10:59.582Z","pid":459739,"hostname":"ubuntu-Singapore-1Highvcpu-1gb","name":"hiverelay-cli","peer":"9ca3aa7ff6de","msg":"peer connected"}
{"level":"info","time":"2026-05-15T04:10:59.867Z","pid":459739,"hostname":"ubuntu-Singapore-1Highvcpu-1gb","name":"hiverelay-cli","peer":"3a5082096400","msg":"peer connected"}
{"level":"info","time":"2026-05-15T04:11:00.186Z","pid":459739,"hostname":"ubuntu-Singapore-1Highvcpu-1gb","name":"hiverelay-cli","peer":"37cf4bfbdf33","msg":"peer connected"}
{"level":"info","time":"2026-05-15T04:21:14.260Z","pid":459739,"hostname":"ubuntu-Singapore-1Highvcpu-1gb","name":"hiverelay-cli","peer":"9ca3aa7ff6de","msg":"peer connected"}
{"level":"warn","time":"2026-05-15T04:26:26.935Z","pid":459739,"hostname":"ubuntu-Singapore-1Highvcpu-1gb","name":"hiverelay-cli","health":{"check":"stale-connections","staleCount":8,"totalConns":9,"stalePct":89},"msg":"health warning: stale-connections — threshold exceeded"}
{"level":"info","time":"2026-05-15T04:26:29.161Z","pid":459739,"hostname":"ubuntu-Singapore-1Highvcpu-1gb","name":"hiverelay-cli","peer":"9ca3aa7ff6de","msg":"peer connected"}
{"level":"info","time":"2026-05-15T04:26:29.293Z","pid":459739,"hostname":"ubuntu-Singapore-1Highvcpu-1gb","name":"hiverelay-cli","peer":"478462ed8597","msg":"peer connected"}
{"level":"info","time":"2026-05-15T04:26:29.550Z","pid":459739,"hostname":"ubuntu-Singapore-1Highvcpu-1gb","name":"hiverelay-cli","peer":"bc421fedea8a","msg":"peer connected"}
{"level":"info","time":"2026-05-15T04:26:29.630Z","pid":459739,"hostname":"ubuntu-Singapore-1Highvcpu-1gb","name":"hiverelay-cli","peer":"1e7d8b1ffe69","msg":"peer connected"}
{"level":"info","time":"2026-05-15T04:26:29.682Z","pid":459739,"hostname":"ubuntu-Singapore-1Highvcpu-1gb","name":"hiverelay-cli","peer":"0da2f0626d24","msg":"peer connected"}
{"level":"info","time":"2026-05-15T04:26:30.301Z","pid":459739,"hostname":"ubuntu-Singapore-1Highvcpu-1gb","name":"hiverelay-cli","peer":"3a5082096400","msg":"peer connected"}
{"level":"info","time":"2026-05-15T04:26:30.600Z","pid":459739,"hostname":"ubuntu-Singapore-1Highvcpu-1gb","name":"hiverelay-cli","peer":"37cf4bfbdf33","msg":"peer connected"}
{"level":"info","time":"2026-05-15T05:14:06.981Z","pid":459739,"hostname":"ubuntu-Singapore-1Highvcpu-1gb","name":"hiverelay-cli","peer":"bc421fedea8a","msg":"peer connected"}
{"level":"info","time":"2026-05-15T05:14:18.216Z","pid":459739,"hostname":"ubuntu-Singapore-1Highvcpu-1gb","name":"hiverelay-cli","peer":"dd7cafde7d66","msg":"peer connected"}
{"level":"warn","time":"2026-05-15T05:24:56.955Z","pid":459739,"hostname":"ubuntu-Singapore-1Highvcpu-1gb","name":"hiverelay-cli","health":{"check":"stale-connections","staleCount":8,"totalConns":9,"stalePct":89},"msg":"health warning: stale-connections — threshold exceeded"}
{"level":"info","time":"2026-05-15T05:24:58.450Z","pid":459739,"hostname":"ubuntu-Singapore-1Highvcpu-1gb","name":"hiverelay-cli","peer":"bc421fedea8a","msg":"peer connected"}
{"level":"info","time":"2026-05-15T05:24:58.633Z","pid":459739,"hostname":"ubuntu-Singapore-1Highvcpu-1gb","name":"hiverelay-cli","peer":"478462ed8597","msg":"peer connected"}
{"level":"info","time":"2026-05-15T05:24:59.359Z","pid":459739,"hostname":"ubuntu-Singapore-1Highvcpu-1gb","name":"hiverelay-cli","peer":"17ba6ae38d69","msg":"peer connected"}
{"level":"info","time":"2026-05-15T05:24:59.591Z","pid":459739,"hostname":"ubuntu-Singapore-1Highvcpu-1gb","name":"hiverelay-cli","peer":"3a5082096400","msg":"peer connected"}
{"level":"info","time":"2026-05-15T05:24:59.740Z","pid":459739,"hostname":"ubuntu-Singapore-1Highvcpu-1gb","name":"hiverelay-cli","peer":"1e7d8b1ffe69","msg":"peer connected"}
{"level":"info","time":"2026-05-15T05:25:00.325Z","pid":459739,"hostname":"ubuntu-Singapore-1Highvcpu-1gb","name":"hiverelay-cli","peer":"0da2f0626d24","msg":"peer connected"}
{"level":"info","time":"2026-05-15T05:25:00.559Z","pid":459739,"hostname":"ubuntu-Singapore-1Highvcpu-1gb","name":"hiverelay-cli","peer":"37cf4bfbdf33","msg":"peer connected"}
{"level":"info","time":"2026-05-15T05:27:45.738Z","pid":459739,"hostname":"ubuntu-Singapore-1Highvcpu-1gb","name":"hiverelay-cli","peer":"4fbda2e68519","msg":"peer connected"}
{"level":"info","time":"2026-05-15T05:27:52.105Z","pid":459739,"hostname":"ubuntu-Singapore-1Highvcpu-1gb","name":"hiverelay-cli","peer":"e4ff2b3620a1","msg":"peer connected"}
{"level":"info","time":"2026-05-15T05:27:58.349Z","pid":459739,"hostname":"ubuntu-Singapore-1Highvcpu-1gb","name":"hiverelay-cli","peer":"4e02d6aeea74","msg":"peer connected"}
{"level":"info","time":"2026-05-15T05:38:06.155Z","pid":459739,"hostname":"ubuntu-Singapore-1Highvcpu-1gb","name":"hiverelay-cli","peer":"bc421fedea8a","msg":"peer connected"}
{"level":"warn","time":"2026-05-15T05:58:26.966Z","pid":459739,"hostname":"ubuntu-Singapore-1Highvcpu-1gb","name":"hiverelay-cli","health":{"check":"stale-connections","staleCount":8,"totalConns":9,"stalePct":89},"msg":"health warning: stale-connections — threshold exceeded"}
{"level":"info","time":"2026-05-15T05:58:28.227Z","pid":459739,"hostname":"ubuntu-Singapore-1Highvcpu-1gb","name":"hiverelay-cli","peer":"bc421fedea8a","msg":"peer connected"}
{"level":"info","time":"2026-05-15T05:58:28.233Z","pid":459739,"hostname":"ubuntu-Singapore-1Highvcpu-1gb","name":"hiverelay-cli","peer":"478462ed8597","msg":"peer connected"}
{"level":"info","time":"2026-05-15T05:58:28.293Z","pid":459739,"hostname":"ubuntu-Singapore-1Highvcpu-1gb","name":"hiverelay-cli","peer":"1e7d8b1ffe69","msg":"peer connected"}
{"level":"info","time":"2026-05-15T05:58:28.751Z","pid":459739,"hostname":"ubuntu-Singapore-1Highvcpu-1gb","name":"hiverelay-cli","peer":"17ba6ae38d69","msg":"peer connected"}
{"level":"info","time":"2026-05-15T05:58:29.258Z","pid":459739,"hostname":"ubuntu-Singapore-1Highvcpu-1gb","name":"hiverelay-cli","peer":"0da2f0626d24","msg":"peer connected"}
{"level":"info","time":"2026-05-15T05:58:29.266Z","pid":459739,"hostname":"ubuntu-Singapore-1Highvcpu-1gb","name":"hiverelay-cli","peer":"37cf4bfbdf33","msg":"peer connected"}
{"level":"info","time":"2026-05-15T05:58:29.503Z","pid":459739,"hostname":"ubuntu-Singapore-1Highvcpu-1gb","name":"hiverelay-cli","peer":"3a5082096400","msg":"peer connected"}
{"level":"warn","time":"2026-05-15T06:24:56.984Z","pid":459739,"hostname":"ubuntu-Singapore-1Highvcpu-1gb","name":"hiverelay-cli","health":{"check":"stale-connections","staleCount":8,"totalConns":9,"stalePct":89},"msg":"health warning: stale-connections — threshold exceeded"}
{"level":"info","time":"2026-05-15T06:24:58.208Z","pid":459739,"hostname":"ubuntu-Singapore-1Highvcpu-1gb","name":"hiverelay-cli","peer":"bc421fedea8a","msg":"peer connected"}
{"level":"info","time":"2026-05-15T06:24:59.243Z","pid":459739,"hostname":"ubuntu-Singapore-1Highvcpu-1gb","name":"hiverelay-cli","peer":"1e7d8b1ffe69","msg":"peer connected"}
{"level":"info","time":"2026-05-15T06:24:59.991Z","pid":459739,"hostname":"ubuntu-Singapore-1Highvcpu-1gb","name":"hiverelay-cli","peer":"478462ed8597","msg":"peer connected"}
{"level":"info","time":"2026-05-15T06:25:00.107Z","pid":459739,"hostname":"ubuntu-Singapore-1Highvcpu-1gb","name":"hiverelay-cli","peer":"0da2f0626d24","msg":"peer connected"}
{"level":"info","time":"2026-05-15T06:25:00.113Z","pid":459739,"hostname":"ubuntu-Singapore-1Highvcpu-1gb","name":"hiverelay-cli","peer":"37cf4bfbdf33","msg":"peer connected"}
{"level":"info","time":"2026-05-15T06:25:00.516Z","pid":459739,"hostname":"ubuntu-Singapore-1Highvcpu-1gb","name":"hiverelay-cli","peer":"17ba6ae38d69","msg":"peer connected"}
{"level":"info","time":"2026-05-15T06:25:00.862Z","pid":459739,"hostname":"ubuntu-Singapore-1Highvcpu-1gb","name":"hiverelay-cli","peer":"3a5082096400","msg":"peer connected"}
{"level":"info","time":"2026-05-15T06:40:11.721Z","pid":459739,"hostname":"ubuntu-Singapore-1Highvcpu-1gb","name":"hiverelay-cli","peer":"9ca3aa7ff6de","msg":"peer connected"}
{"level":"warn","time":"2026-05-15T06:58:57.004Z","pid":459739,"hostname":"ubuntu-Singapore-1Highvcpu-1gb","name":"hiverelay-cli","health":{"check":"stale-connections","staleCount":8,"totalConns":9,"stalePct":89},"msg":"health warning: stale-connections — threshold exceeded"}
{"level":"info","time":"2026-05-15T06:58:58.623Z","pid":459739,"hostname":"ubuntu-Singapore-1Highvcpu-1gb","name":"hiverelay-cli","peer":"bc421fedea8a","msg":"peer connected"}
{"level":"info","time":"2026-05-15T06:58:59.776Z","pid":459739,"hostname":"ubuntu-Singapore-1Highvcpu-1gb","name":"hiverelay-cli","peer":"1e7d8b1ffe69","msg":"peer connected"}
{"level":"info","time":"2026-05-15T06:58:59.793Z","pid":459739,"hostname":"ubuntu-Singapore-1Highvcpu-1gb","name":"hiverelay-cli","peer":"9ca3aa7ff6de","msg":"peer connected"}
{"level":"info","time":"2026-05-15T06:59:00.096Z","pid":459739,"hostname":"ubuntu-Singapore-1Highvcpu-1gb","name":"hiverelay-cli","peer":"37cf4bfbdf33","msg":"peer connected"}
{"level":"info","time":"2026-05-15T06:59:00.894Z","pid":459739,"hostname":"ubuntu-Singapore-1Highvcpu-1gb","name":"hiverelay-cli","peer":"3a5082096400","msg":"peer connected"}
{"level":"info","time":"2026-05-15T06:59:00.981Z","pid":459739,"hostname":"ubuntu-Singapore-1Highvcpu-1gb","name":"hiverelay-cli","peer":"478462ed8597","msg":"peer connected"}
{"level":"info","time":"2026-05-15T06:59:01.672Z","pid":459739,"hostname":"ubuntu-Singapore-1Highvcpu-1gb","name":"hiverelay-cli","peer":"0da2f0626d24","msg":"peer connected"}
{"level":"info","time":"2026-05-15T07:09:07.990Z","pid":459739,"hostname":"ubuntu-Singapore-1Highvcpu-1gb","name":"hiverelay-cli","peer":"1e7d8b1ffe69","msg":"peer connected"}
